<?xml version="1.0" encoding="UTF-8"?>
<!-- Generated by org.testng.reporters.JUnitReportReporter -->
<testsuite skipped="0" hostname="IND04865" name="com.testcases.LoginTestCase" tests="1" failures="0" timestamp="2022-06-18T19:43:23 IST" time="16.184" errors="0">
  <testcase name="LoginTest" time="16.184" classname="com.testcases.LoginTestCase"/>
  <system-out/>
</testsuite> <!-- com.testcases.LoginTestCase -->
